[2024-07-16T16:38:37.785Z] debug: [twx-studio:upgrade:NGC_Mobile_template_001] Begin upgrade of project
[2024-07-16T16:38:37.790Z] info: [twx-studio:upgrade:NGC_Mobile_template_001] Upgrading project
[2024-07-16T16:38:37.854Z] debug: [twx-studio:upgrade:NGC_Mobile_template_001] Remove all the src-scaffold files from src
[2024-07-16T16:38:37.855Z] debug: [twx-studio:upgrade:NGC_Mobile_template_001] Deleting settings.path
[2024-07-16T16:38:37.855Z] debug: [twx-studio:upgrade:NGC_Mobile_template_001] Deleting settings.studioPath
[2024-07-16T16:38:37.856Z] debug: [twx-studio:upgrade:NGC_Mobile_template_001] C:\Users\sgreywilson\Documents\VuforiaStudio\Projects\NGC_Mobile_template_001\src\shared\components\Data.json
[2024-07-16T16:38:37.856Z] debug: [twx-studio:upgrade:NGC_Mobile_template_001] C:\Users\sgreywilson\Documents\VuforiaStudio\Projects\NGC_Mobile_template_001\src\shared\components\Device.json
[2024-07-16T16:38:37.857Z] debug: [twx-studio:upgrade:NGC_Mobile_template_001] Unable to migrate application parameters; none exist in project's appConfig.json.
[2024-07-16T16:38:37.857Z] debug: [twx-studio:upgrade:NGC_Mobile_template_001] Migrate service bindings for view
[2024-07-16T16:38:37.857Z] debug: [twx-studio:upgrade:NGC_Mobile_template_001] Updating bindings in view: 
[2024-07-16T16:38:37.858Z] debug: [twx-studio:upgrade:NGC_Mobile_template_001] Updating bindings in the Home json, file contents: {"attributes":{"twx-widget":"","viewtype":"ar","is-widget-container":"true"},"children":[{"name":"twx-container-content","children":[{"attributes":{"twx-widget":"","translation-key":"@ptc/ves-ar-extension:3D Container","is-widget-container":"true"},"name":"twx-dt-view","children":[{"name":"twx-container-content"}]},{"attributes":{"twx-widget":"","translation-key":"@ptc/ves-ar-extension:2D Overlay","is-widget-container":"true"},"name":"twx-overlay","children":[{"name":"twx-container-content","children":[{"attributes":{"twx-widget":"","translation-key":"@ptc/ves-ar-extension:Top Panel","position":"top","is-widget-container":"true"},"name":"twx-overlay-container","children":[{"name":"twx-container-content"}]},{"attributes":{"twx-widget":"","translation-key":"@ptc/ves-ar-extension:2D Body"},"name":"twx-overlay-body","children":[{"name":"twx-container-content","children":[{"attributes":{"twx-widget":"","translation-key":"@ptc/ves-ar-extension:Left Panel","position":"left","is-widget-container":"true"},"name":"twx-overlay-container","children":[{"name":"twx-container-content"}]},{"attributes":{"twx-widget":"","translation-key":"@ptc/ves-ar-extension:Center Panel","position":"center","is-widget-container":"true"},"name":"twx-overlay-container","children":[{"name":"twx-container-content"}]},{"attributes":{"twx-widget":"","translation-key":"@ptc/ves-ar-extension:Right Panel","position":"right","is-widget-container":"true"},"name":"twx-overlay-container","children":[{"name":"twx-container-content"}]}]}]},{"attributes":{"twx-widget":"","translation-key":"@ptc/ves-ar-extension:Bottom Panel","position":"bottom","is-widget-container":"true"},"name":"twx-overlay-container","children":[{"name":"twx-container-content"}]}]}]}]},{"name":"twx-view-data"}],"name":"twx-view"}
[2024-07-16T16:38:37.859Z] debug: [twx-studio:upgrade:NGC_Mobile_template_001] Unable to update the metadata.json file, the file was not found.
[2024-07-16T16:38:37.860Z] debug: [twx-studio:upgrade:NGC_Mobile_template_001] Unable to update the metadata.json file, it was not found at C:\Users\sgreywilson\Documents\VuforiaStudio\Projects\NGC_Mobile_template_001\src\shared\components\metadata.json
[2024-07-16T16:38:37.862Z] debug: [twx-studio:upgrade:NGC_Mobile_template_001] Contents of view before upgrading
[2024-07-16T16:38:37.862Z] debug: [twx-studio:upgrade:NGC_Mobile_template_001] Unable to update the metadata.json file, it was not found at C:\Users\sgreywilson\Documents\VuforiaStudio\Projects\NGC_Mobile_template_001\src\shared\components\metadata.json
[2024-07-16T16:38:37.863Z] warn: [twx-studio:upgrade:NGC_Mobile_template_001] Wasn't able to migrate the data in
[2024-07-16T16:38:37.864Z] debug: [twx-studio:upgrade:NGC_Mobile_template_001] Cached device dimensions are obsolete and will be deleted:
[2024-07-16T16:38:37.867Z] debug: [twx-studio:upgrade:NGC_Mobile_template_001] File not found during migration of handler to handler-path C:\Users\sgreywilson\Documents\VuforiaStudio\Projects\NGC_Mobile_template_001\src\shared\components\Data.json
[2024-07-16T16:38:37.868Z] debug: [twx-studio:upgrade:NGC_Mobile_template_001] Moving .glb resources for project: NGC_Mobile_template_001
[2024-07-16T16:38:37.869Z] debug: [twx-studio:upgrade:NGC_Mobile_template_001] No model target found!
[2024-07-16T16:38:37.869Z] debug: [twx-studio:upgrade:NGC_Mobile_template_001] starting mt upgrade
[2024-07-16T16:38:37.869Z] debug: [twx-studio:upgrade:NGC_Mobile_template_001] finishing mt upgrade
[2024-07-16T16:38:37.869Z] debug: [twx-studio:upgrade:NGC_Mobile_template_001] Make sure there are not any stale files lying around
[2024-07-16T16:38:37.871Z] debug: [twx-studio:upgrade:NGC_Mobile_template_001] Create .gitignore for project dir
[2024-07-16T16:38:37.873Z] debug: [twx-studio:upgrade:NGC_Mobile_template_001] Copying /src/**/* to project, overwrite=false
[2024-07-16T16:38:37.874Z] debug: [twx-studio:upgrade:NGC_Mobile_template_001] Copying /**/* to project, skip /src/**/*,  overwrite=true
[2024-07-16T16:38:37.979Z] debug: [twx-studio:upgrade:NGC_Mobile_template_001] Copy of project files complete
[2024-07-16T16:38:37.980Z] debug: [twx-studio:upgrade:NGC_Mobile_template_001] Updating version to 
[2024-07-16T16:38:37.980Z] debug: [twx-studio:upgrade:NGC_Mobile_template_001] onupgrade sucessful, now build the project
[2024-07-16T16:38:37.980Z] debug: [twx-studio:upgrade:NGC_Mobile_template_001] BEGIN buildApp
[2024-07-16T16:38:37.980Z] debug: [twx-studio:upgrade:NGC_Mobile_template_001] write settings
[2024-07-16T16:38:37.981Z] debug: [twx-studio:upgrade:NGC_Mobile_template_001] copy runtime extensions
[2024-07-16T16:38:39.959Z] debug: [twx-studio:upgrade:NGC_Mobile_template_001] packageThemeSet
[2024-07-16T16:38:42.551Z] debug: [twx-studio:upgrade:NGC_Mobile_template_001] onBuild
[2024-07-16T16:38:42.551Z] info: [twx-studio:upgrade:NGC_Mobile_template_001] Building ves-ar-extension app:
[2024-07-16T16:38:42.557Z] debug: [twx-studio:upgrade:NGC_Mobile_template_001] pathDir
[2024-07-16T16:38:53.179Z] debug: [twx-studio:upgrade:NGC_Mobile_template_001] END buildApp
[2024-07-16T16:38:53.180Z] debug: [twx-studio:upgrade:NGC_Mobile_template_001] Build succeeded.
[2024-07-29T20:00:11.056Z] debug: [twx-studio:upgrade:NGC_Mobile_template_001] Begin upgrade of project
[2024-07-29T20:00:11.060Z] info: [twx-studio:upgrade:NGC_Mobile_template_001] Upgrading project
[2024-07-29T20:00:11.112Z] debug: [twx-studio:upgrade:NGC_Mobile_template_001] starting mt upgrade
[2024-07-29T20:00:11.112Z] debug: [twx-studio:upgrade:NGC_Mobile_template_001] finishing mt upgrade
[2024-07-29T20:00:11.113Z] debug: [twx-studio:upgrade:NGC_Mobile_template_001] starting mt upgrade
[2024-07-29T20:00:11.114Z] debug: [twx-studio:upgrade:NGC_Mobile_template_001] finishing mt upgrade
[2024-07-29T20:00:11.114Z] debug: [twx-studio:upgrade:NGC_Mobile_template_001] starting mt upgrade
[2024-07-29T20:00:11.114Z] debug: [twx-studio:upgrade:NGC_Mobile_template_001] finishing mt upgrade
[2024-07-29T20:00:11.114Z] debug: [twx-studio:upgrade:NGC_Mobile_template_001] Make sure there are not any stale files lying around
[2024-07-29T20:00:11.115Z] debug: [twx-studio:upgrade:NGC_Mobile_template_001] Removing 
[2024-07-29T20:00:11.120Z] debug: [twx-studio:upgrade:NGC_Mobile_template_001] Removing 
[2024-07-29T20:00:11.640Z] debug: [twx-studio:upgrade:NGC_Mobile_template_001] Removing 
[2024-07-29T20:00:12.139Z] debug: [twx-studio:upgrade:NGC_Mobile_template_001] Removing 
[2024-07-29T20:00:12.157Z] debug: [twx-studio:upgrade:NGC_Mobile_template_001] Removing 
[2024-07-29T20:00:12.162Z] debug: [twx-studio:upgrade:NGC_Mobile_template_001] Copying /src/**/* to project, overwrite=false
[2024-07-29T20:00:12.163Z] debug: [twx-studio:upgrade:NGC_Mobile_template_001] Copying /**/* to project, skip /src/**/*,  overwrite=true
[2024-07-29T20:00:12.235Z] debug: [twx-studio:upgrade:NGC_Mobile_template_001] Copy of project files complete
[2024-07-29T20:00:12.235Z] debug: [twx-studio:upgrade:NGC_Mobile_template_001] Updating version to 
[2024-07-29T20:00:12.235Z] debug: [twx-studio:upgrade:NGC_Mobile_template_001] onupgrade sucessful, now build the project
[2024-07-29T20:00:12.236Z] debug: [twx-studio:upgrade:NGC_Mobile_template_001] BEGIN buildApp
[2024-07-29T20:00:12.236Z] debug: [twx-studio:upgrade:NGC_Mobile_template_001] write settings
[2024-07-29T20:00:12.237Z] debug: [twx-studio:upgrade:NGC_Mobile_template_001] copy runtime extensions
[2024-07-29T20:00:13.740Z] debug: [twx-studio:upgrade:NGC_Mobile_template_001] packageThemeSet
[2024-07-29T20:00:15.408Z] debug: [twx-studio:upgrade:NGC_Mobile_template_001] onBuild
[2024-07-29T20:00:15.408Z] info: [twx-studio:upgrade:NGC_Mobile_template_001] Building ves-ar-extension app:
[2024-07-29T20:00:16.105Z] debug: [twx-studio:upgrade:NGC_Mobile_template_001] pathDir
[2024-07-29T20:00:19.310Z] debug: [twx-studio:upgrade:NGC_Mobile_template_001] END buildApp
[2024-07-29T20:00:19.310Z] debug: [twx-studio:upgrade:NGC_Mobile_template_001] Build succeeded.

2024-07-30T17:23:27.004Z: Project "NGC_Mobile_template_001" saved as new project "NGC_Mobile_template_001-copy"[2024-07-30T17:25:55.544Z] debug: [twx-studio:upgrade:NGC_Mobile_template_001-copy] Begin upgrade of project
[2024-07-30T17:25:55.546Z] info: [twx-studio:upgrade:NGC_Mobile_template_001-copy] Upgrading project
[2024-07-30T17:25:55.558Z] debug: [twx-studio:upgrade:NGC_Mobile_template_001-copy] Make sure there are not any stale files lying around
[2024-07-30T17:25:55.559Z] debug: [twx-studio:upgrade:NGC_Mobile_template_001-copy] Removing 
[2024-07-30T17:25:55.578Z] debug: [twx-studio:upgrade:NGC_Mobile_template_001-copy] Create .gitignore for project dir
[2024-07-30T17:25:55.580Z] debug: [twx-studio:upgrade:NGC_Mobile_template_001-copy] Copying /src/**/* to project, overwrite=false
[2024-07-30T17:25:55.582Z] debug: [twx-studio:upgrade:NGC_Mobile_template_001-copy] Copying /**/* to project, skip /src/**/*,  overwrite=true
[2024-07-30T17:25:55.673Z] debug: [twx-studio:upgrade:NGC_Mobile_template_001-copy] Copy of project files complete
[2024-07-30T17:25:55.673Z] debug: [twx-studio:upgrade:NGC_Mobile_template_001-copy] Updating version to 
[2024-07-30T17:25:55.673Z] debug: [twx-studio:upgrade:NGC_Mobile_template_001-copy] onupgrade sucessful, now build the project
[2024-07-30T17:25:55.674Z] debug: [twx-studio:upgrade:NGC_Mobile_template_001-copy] BEGIN buildApp
[2024-07-30T17:25:55.674Z] debug: [twx-studio:upgrade:NGC_Mobile_template_001-copy] write settings
[2024-07-30T17:25:55.675Z] debug: [twx-studio:upgrade:NGC_Mobile_template_001-copy] copy runtime extensions
[2024-07-30T17:25:57.278Z] debug: [twx-studio:upgrade:NGC_Mobile_template_001-copy] packageThemeSet
[2024-07-30T17:25:58.933Z] debug: [twx-studio:upgrade:NGC_Mobile_template_001-copy] onBuild
[2024-07-30T17:25:58.933Z] info: [twx-studio:upgrade:NGC_Mobile_template_001-copy] Building ves-ar-extension app:
[2024-07-30T17:25:58.937Z] debug: [twx-studio:upgrade:NGC_Mobile_template_001-copy] pathDir
[2024-07-30T17:26:01.463Z] debug: [twx-studio:upgrade:NGC_Mobile_template_001-copy] END buildApp
[2024-07-30T17:26:01.463Z] debug: [twx-studio:upgrade:NGC_Mobile_template_001-copy] Build succeeded.

2024-07-30T22:07:09.161Z: Project "NGC_Mobile_template_001-copy" saved as new project "NGC_Mobile_template_rev1-Working"[2024-07-30T22:07:12.118Z] debug: [twx-studio:upgrade:NGC_Mobile_template_rev1-Working] Begin upgrade of project
[2024-07-30T22:07:12.120Z] info: [twx-studio:upgrade:NGC_Mobile_template_rev1-Working] Upgrading project
[2024-07-30T22:07:12.181Z] debug: [twx-studio:upgrade:NGC_Mobile_template_rev1-Working] Make sure there are not any stale files lying around
[2024-07-30T22:07:12.182Z] debug: [twx-studio:upgrade:NGC_Mobile_template_rev1-Working] Removing 
[2024-07-30T22:07:12.201Z] debug: [twx-studio:upgrade:NGC_Mobile_template_rev1-Working] Create .gitignore for project dir
[2024-07-30T22:07:12.203Z] debug: [twx-studio:upgrade:NGC_Mobile_template_rev1-Working] Copying /src/**/* to project, overwrite=false
[2024-07-30T22:07:12.204Z] debug: [twx-studio:upgrade:NGC_Mobile_template_rev1-Working] Copying /**/* to project, skip /src/**/*,  overwrite=true
[2024-07-30T22:07:12.300Z] debug: [twx-studio:upgrade:NGC_Mobile_template_rev1-Working] Copy of project files complete
[2024-07-30T22:07:12.300Z] debug: [twx-studio:upgrade:NGC_Mobile_template_rev1-Working] Updating version to 
[2024-07-30T22:07:12.300Z] debug: [twx-studio:upgrade:NGC_Mobile_template_rev1-Working] onupgrade sucessful, now build the project
[2024-07-30T22:07:12.301Z] debug: [twx-studio:upgrade:NGC_Mobile_template_rev1-Working] BEGIN buildApp
[2024-07-30T22:07:12.301Z] debug: [twx-studio:upgrade:NGC_Mobile_template_rev1-Working] write settings
[2024-07-30T22:07:12.302Z] debug: [twx-studio:upgrade:NGC_Mobile_template_rev1-Working] copy runtime extensions
[2024-07-30T22:07:14.094Z] debug: [twx-studio:upgrade:NGC_Mobile_template_rev1-Working] packageThemeSet
[2024-07-30T22:07:16.090Z] debug: [twx-studio:upgrade:NGC_Mobile_template_rev1-Working] onBuild
[2024-07-30T22:07:16.090Z] info: [twx-studio:upgrade:NGC_Mobile_template_rev1-Working] Building ves-ar-extension app:
[2024-07-30T22:07:16.094Z] debug: [twx-studio:upgrade:NGC_Mobile_template_rev1-Working] pathDir
[2024-07-30T22:07:18.311Z] debug: [twx-studio:upgrade:NGC_Mobile_template_rev1-Working] END buildApp
[2024-07-30T22:07:18.311Z] debug: [twx-studio:upgrade:NGC_Mobile_template_rev1-Working] Build succeeded.

2024-07-31T17:26:48.102Z: Project "NGC_Mobile_template_rev1-Working" saved as new project "NGC_Mobile_template_rev2-Working-copy"
2024-07-31T17:27:06.002Z: Project "NGC_Mobile_template_rev2-Working-copy" saved as new project "NGC_Mobile_template_rev2-Working"[2024-07-31T17:29:14.288Z] debug: [twx-studio:upgrade:NGC_Mobile_template_rev2-Working] Begin upgrade of project
[2024-07-31T17:29:14.292Z] info: [twx-studio:upgrade:NGC_Mobile_template_rev2-Working] Upgrading project
[2024-07-31T17:29:14.370Z] debug: [twx-studio:upgrade:NGC_Mobile_template_rev2-Working] Make sure there are not any stale files lying around
[2024-07-31T17:29:14.371Z] debug: [twx-studio:upgrade:NGC_Mobile_template_rev2-Working] Removing 
[2024-07-31T17:29:14.398Z] debug: [twx-studio:upgrade:NGC_Mobile_template_rev2-Working] Create .gitignore for project dir
[2024-07-31T17:29:14.401Z] debug: [twx-studio:upgrade:NGC_Mobile_template_rev2-Working] Copying /src/**/* to project, overwrite=false
[2024-07-31T17:29:14.403Z] debug: [twx-studio:upgrade:NGC_Mobile_template_rev2-Working] Copying /**/* to project, skip /src/**/*,  overwrite=true
[2024-07-31T17:29:14.508Z] debug: [twx-studio:upgrade:NGC_Mobile_template_rev2-Working] Copy of project files complete
[2024-07-31T17:29:14.509Z] debug: [twx-studio:upgrade:NGC_Mobile_template_rev2-Working] Updating version to 
[2024-07-31T17:29:14.509Z] debug: [twx-studio:upgrade:NGC_Mobile_template_rev2-Working] onupgrade sucessful, now build the project
[2024-07-31T17:29:14.509Z] debug: [twx-studio:upgrade:NGC_Mobile_template_rev2-Working] BEGIN buildApp
[2024-07-31T17:29:14.509Z] debug: [twx-studio:upgrade:NGC_Mobile_template_rev2-Working] write settings
[2024-07-31T17:29:14.511Z] debug: [twx-studio:upgrade:NGC_Mobile_template_rev2-Working] copy runtime extensions
[2024-07-31T17:29:16.268Z] debug: [twx-studio:upgrade:NGC_Mobile_template_rev2-Working] packageThemeSet
[2024-07-31T17:29:17.997Z] debug: [twx-studio:upgrade:NGC_Mobile_template_rev2-Working] onBuild
[2024-07-31T17:29:17.998Z] info: [twx-studio:upgrade:NGC_Mobile_template_rev2-Working] Building ves-ar-extension app:
[2024-07-31T17:29:18.002Z] debug: [twx-studio:upgrade:NGC_Mobile_template_rev2-Working] pathDir
[2024-07-31T17:29:20.235Z] debug: [twx-studio:upgrade:NGC_Mobile_template_rev2-Working] END buildApp
[2024-07-31T17:29:20.235Z] debug: [twx-studio:upgrade:NGC_Mobile_template_rev2-Working] Build succeeded.

2024-07-31T22:56:48.029Z: Project "NGC_Mobile_template_rev2-Working" saved as new project "NGC_Mobile_template_rev3"[2024-07-31T22:57:01.675Z] debug: [twx-studio:upgrade:NGC_Mobile_template_rev3] Begin upgrade of project
[2024-07-31T22:57:01.679Z] info: [twx-studio:upgrade:NGC_Mobile_template_rev3] Upgrading project
[2024-07-31T22:57:01.814Z] debug: [twx-studio:upgrade:NGC_Mobile_template_rev3] Make sure there are not any stale files lying around
[2024-07-31T22:57:01.815Z] debug: [twx-studio:upgrade:NGC_Mobile_template_rev3] Removing 
[2024-07-31T22:57:01.868Z] debug: [twx-studio:upgrade:NGC_Mobile_template_rev3] Create .gitignore for project dir
[2024-07-31T22:57:01.871Z] debug: [twx-studio:upgrade:NGC_Mobile_template_rev3] Copying /src/**/* to project, overwrite=false
[2024-07-31T22:57:01.876Z] debug: [twx-studio:upgrade:NGC_Mobile_template_rev3] Copying /**/* to project, skip /src/**/*,  overwrite=true
[2024-07-31T22:57:02.078Z] debug: [twx-studio:upgrade:NGC_Mobile_template_rev3] Copy of project files complete
[2024-07-31T22:57:02.079Z] debug: [twx-studio:upgrade:NGC_Mobile_template_rev3] Updating version to 
[2024-07-31T22:57:02.079Z] debug: [twx-studio:upgrade:NGC_Mobile_template_rev3] onupgrade sucessful, now build the project
[2024-07-31T22:57:02.080Z] debug: [twx-studio:upgrade:NGC_Mobile_template_rev3] BEGIN buildApp
[2024-07-31T22:57:02.080Z] debug: [twx-studio:upgrade:NGC_Mobile_template_rev3] write settings
[2024-07-31T22:57:02.082Z] debug: [twx-studio:upgrade:NGC_Mobile_template_rev3] copy runtime extensions
[2024-07-31T22:57:04.795Z] debug: [twx-studio:upgrade:NGC_Mobile_template_rev3] packageThemeSet
[2024-07-31T22:57:08.694Z] debug: [twx-studio:upgrade:NGC_Mobile_template_rev3] onBuild
[2024-07-31T22:57:08.695Z] info: [twx-studio:upgrade:NGC_Mobile_template_rev3] Building ves-ar-extension app:
[2024-07-31T22:57:08.703Z] debug: [twx-studio:upgrade:NGC_Mobile_template_rev3] pathDir
[2024-07-31T22:57:12.567Z] debug: [twx-studio:upgrade:NGC_Mobile_template_rev3] END buildApp
[2024-07-31T22:57:12.568Z] debug: [twx-studio:upgrade:NGC_Mobile_template_rev3] Build succeeded.

2024-08-01T11:37:27.888Z: Project "NGC_Mobile_template_rev3" saved as new project "NGC_Mobile_template_rev3-working"[2024-08-01T11:37:37.279Z] debug: [twx-studio:upgrade:NGC_Mobile_template_rev3-working] Begin upgrade of project
[2024-08-01T11:37:37.280Z] info: [twx-studio:upgrade:NGC_Mobile_template_rev3-working] Upgrading project
[2024-08-01T11:37:37.349Z] debug: [twx-studio:upgrade:NGC_Mobile_template_rev3-working] Make sure there are not any stale files lying around
[2024-08-01T11:37:37.350Z] debug: [twx-studio:upgrade:NGC_Mobile_template_rev3-working] Removing 
[2024-08-01T11:37:37.378Z] debug: [twx-studio:upgrade:NGC_Mobile_template_rev3-working] Create .gitignore for project dir
[2024-08-01T11:37:37.380Z] debug: [twx-studio:upgrade:NGC_Mobile_template_rev3-working] Copying /src/**/* to project, overwrite=false
[2024-08-01T11:37:37.383Z] debug: [twx-studio:upgrade:NGC_Mobile_template_rev3-working] Copying /**/* to project, skip /src/**/*,  overwrite=true
[2024-08-01T11:37:37.493Z] debug: [twx-studio:upgrade:NGC_Mobile_template_rev3-working] Copy of project files complete
[2024-08-01T11:37:37.494Z] debug: [twx-studio:upgrade:NGC_Mobile_template_rev3-working] Updating version to 
[2024-08-01T11:37:37.494Z] debug: [twx-studio:upgrade:NGC_Mobile_template_rev3-working] onupgrade sucessful, now build the project
[2024-08-01T11:37:37.494Z] debug: [twx-studio:upgrade:NGC_Mobile_template_rev3-working] BEGIN buildApp
[2024-08-01T11:37:37.494Z] debug: [twx-studio:upgrade:NGC_Mobile_template_rev3-working] write settings
[2024-08-01T11:37:37.496Z] debug: [twx-studio:upgrade:NGC_Mobile_template_rev3-working] copy runtime extensions
[2024-08-01T11:37:39.991Z] debug: [twx-studio:upgrade:NGC_Mobile_template_rev3-working] packageThemeSet
[2024-08-01T11:37:41.926Z] debug: [twx-studio:upgrade:NGC_Mobile_template_rev3-working] onBuild
[2024-08-01T11:37:41.927Z] info: [twx-studio:upgrade:NGC_Mobile_template_rev3-working] Building ves-ar-extension app:
[2024-08-01T11:37:43.295Z] debug: [twx-studio:upgrade:NGC_Mobile_template_rev3-working] pathDir
[2024-08-01T11:37:48.024Z] debug: [twx-studio:upgrade:NGC_Mobile_template_rev3-working] END buildApp
[2024-08-01T11:37:48.024Z] debug: [twx-studio:upgrade:NGC_Mobile_template_rev3-working] Build succeeded.
[2024-08-02T15:56:07.935Z] debug: [twx-studio:upgrade:NGC_Mobile_template_devTHUR01] Begin upgrade of project
[2024-08-02T15:56:07.936Z] info: [twx-studio:upgrade:NGC_Mobile_template_devTHUR01] Upgrading project
[2024-08-02T15:56:07.937Z] debug: [twx-studio:upgrade:NGC_Mobile_template_devTHUR01] Make sure there are not any stale files lying around
[2024-08-02T15:56:07.937Z] debug: [twx-studio:upgrade:NGC_Mobile_template_devTHUR01] Removing 
[2024-08-02T15:56:07.953Z] debug: [twx-studio:upgrade:NGC_Mobile_template_devTHUR01] Create .gitignore for project dir
[2024-08-02T15:56:07.954Z] debug: [twx-studio:upgrade:NGC_Mobile_template_devTHUR01] Copying /src/**/* to project, overwrite=false
[2024-08-02T15:56:07.955Z] debug: [twx-studio:upgrade:NGC_Mobile_template_devTHUR01] Copying /**/* to project, skip /src/**/*,  overwrite=true
[2024-08-02T15:56:08.016Z] debug: [twx-studio:upgrade:NGC_Mobile_template_devTHUR01] Copy of project files complete
[2024-08-02T15:56:08.016Z] debug: [twx-studio:upgrade:NGC_Mobile_template_devTHUR01] Updating version to 
[2024-08-02T15:56:08.016Z] debug: [twx-studio:upgrade:NGC_Mobile_template_devTHUR01] onupgrade sucessful, now build the project
[2024-08-02T15:56:08.016Z] debug: [twx-studio:upgrade:NGC_Mobile_template_devTHUR01] BEGIN buildApp
[2024-08-02T15:56:08.016Z] debug: [twx-studio:upgrade:NGC_Mobile_template_devTHUR01] write settings
[2024-08-02T15:56:08.017Z] debug: [twx-studio:upgrade:NGC_Mobile_template_devTHUR01] copy runtime extensions
[2024-08-02T15:56:08.800Z] debug: [twx-studio:upgrade:NGC_Mobile_template_devTHUR01] packageThemeSet
[2024-08-02T15:56:10.483Z] debug: [twx-studio:upgrade:NGC_Mobile_template_devTHUR01] onBuild
[2024-08-02T15:56:10.483Z] info: [twx-studio:upgrade:NGC_Mobile_template_devTHUR01] Building ves-ar-extension app:
[2024-08-02T15:56:10.484Z] debug: [twx-studio:upgrade:NGC_Mobile_template_devTHUR01] pathDir
[2024-08-02T15:56:11.344Z] debug: [twx-studio:upgrade:NGC_Mobile_template_devTHUR01] END buildApp
[2024-08-02T15:56:11.344Z] debug: [twx-studio:upgrade:NGC_Mobile_template_devTHUR01] Build succeeded.

2024-08-04T21:25:31.360Z: Project "NGC_Mobile_template_devTHUR01" saved as new project "NGC_Mobile_template_Dev_01"[2024-08-05T11:50:13.456Z] debug: [twx-studio:upgrade:NGC_Mobile_template_Dev_01] Begin upgrade of project
[2024-08-05T11:50:13.457Z] info: [twx-studio:upgrade:NGC_Mobile_template_Dev_01] Upgrading project
[2024-08-05T11:50:13.459Z] debug: [twx-studio:upgrade:NGC_Mobile_template_Dev_01] Make sure there are not any stale files lying around
[2024-08-05T11:50:13.459Z] debug: [twx-studio:upgrade:NGC_Mobile_template_Dev_01] Removing 
[2024-08-05T11:50:13.480Z] debug: [twx-studio:upgrade:NGC_Mobile_template_Dev_01] Create .gitignore for project dir
[2024-08-05T11:50:13.482Z] debug: [twx-studio:upgrade:NGC_Mobile_template_Dev_01] Copying /src/**/* to project, overwrite=false
[2024-08-05T11:50:13.484Z] debug: [twx-studio:upgrade:NGC_Mobile_template_Dev_01] Copying /**/* to project, skip /src/**/*,  overwrite=true
[2024-08-05T11:50:13.580Z] debug: [twx-studio:upgrade:NGC_Mobile_template_Dev_01] Copy of project files complete
[2024-08-05T11:50:13.580Z] debug: [twx-studio:upgrade:NGC_Mobile_template_Dev_01] Updating version to 
[2024-08-05T11:50:13.580Z] debug: [twx-studio:upgrade:NGC_Mobile_template_Dev_01] onupgrade sucessful, now build the project
[2024-08-05T11:50:13.581Z] debug: [twx-studio:upgrade:NGC_Mobile_template_Dev_01] BEGIN buildApp
[2024-08-05T11:50:13.581Z] debug: [twx-studio:upgrade:NGC_Mobile_template_Dev_01] write settings
[2024-08-05T11:50:13.582Z] debug: [twx-studio:upgrade:NGC_Mobile_template_Dev_01] copy runtime extensions
[2024-08-05T11:50:15.359Z] debug: [twx-studio:upgrade:NGC_Mobile_template_Dev_01] packageThemeSet
[2024-08-05T11:50:17.081Z] debug: [twx-studio:upgrade:NGC_Mobile_template_Dev_01] onBuild
[2024-08-05T11:50:17.081Z] info: [twx-studio:upgrade:NGC_Mobile_template_Dev_01] Building ves-ar-extension app:
[2024-08-05T11:50:17.084Z] debug: [twx-studio:upgrade:NGC_Mobile_template_Dev_01] pathDir
[2024-08-05T11:50:18.550Z] debug: [twx-studio:upgrade:NGC_Mobile_template_Dev_01] END buildApp
[2024-08-05T11:50:18.550Z] debug: [twx-studio:upgrade:NGC_Mobile_template_Dev_01] Build succeeded.
[2024-08-05T14:44:49.494Z] debug: [twx-studio:upgrade:NGC_Mobile_template_Dev_01] Begin upgrade of project
[2024-08-05T14:44:49.495Z] info: [twx-studio:upgrade:NGC_Mobile_template_Dev_01] Upgrading project
[2024-08-05T14:44:49.496Z] debug: [twx-studio:upgrade:NGC_Mobile_template_Dev_01] Make sure there are not any stale files lying around
[2024-08-05T14:44:49.498Z] debug: [twx-studio:upgrade:NGC_Mobile_template_Dev_01] Merging 
[2024-08-05T14:44:49.498Z] debug: [twx-studio:upgrade:NGC_Mobile_template_Dev_01] Original contents of
[2024-08-05T14:44:49.500Z] debug: [twx-studio:upgrade:NGC_Mobile_template_Dev_01] Copying /src/**/* to project, overwrite=false
[2024-08-05T14:44:49.502Z] debug: [twx-studio:upgrade:NGC_Mobile_template_Dev_01] Copying /**/* to project, skip /src/**/*,  overwrite=true
[2024-08-05T14:44:49.579Z] debug: [twx-studio:upgrade:NGC_Mobile_template_Dev_01] Copy of project files complete
[2024-08-05T14:44:49.579Z] debug: [twx-studio:upgrade:NGC_Mobile_template_Dev_01] Updating version to 
[2024-08-05T14:44:49.580Z] debug: [twx-studio:upgrade:NGC_Mobile_template_Dev_01] onupgrade sucessful, now build the project
[2024-08-05T14:44:49.580Z] debug: [twx-studio:upgrade:NGC_Mobile_template_Dev_01] BEGIN buildApp
[2024-08-05T14:44:49.580Z] debug: [twx-studio:upgrade:NGC_Mobile_template_Dev_01] write settings
[2024-08-05T14:44:49.580Z] debug: [twx-studio:upgrade:NGC_Mobile_template_Dev_01] copy runtime extensions
[2024-08-05T14:44:50.354Z] debug: [twx-studio:upgrade:NGC_Mobile_template_Dev_01] packageThemeSet
[2024-08-05T14:44:51.964Z] debug: [twx-studio:upgrade:NGC_Mobile_template_Dev_01] onBuild
[2024-08-05T14:44:51.965Z] info: [twx-studio:upgrade:NGC_Mobile_template_Dev_01] Building ves-ar-extension app:
[2024-08-05T14:44:51.966Z] debug: [twx-studio:upgrade:NGC_Mobile_template_Dev_01] pathDir
[2024-08-05T14:44:52.919Z] debug: [twx-studio:upgrade:NGC_Mobile_template_Dev_01] END buildApp
[2024-08-05T14:44:52.919Z] debug: [twx-studio:upgrade:NGC_Mobile_template_Dev_01] Build succeeded.
